0 info it worked if it ends with ok
1 verbose cli [ 'C:\\Program Files\\nodejs\\node.exe',
1 verbose cli   'C:\\Users\\Kiril\\AppData\\Roaming\\npm\\node_modules\\npm\\bin\\npm-cli.js',
1 verbose cli   'start' ]
2 info using npm@4.1.1
3 info using node@v6.9.4
4 verbose run-script [ 'prestart', 'start', 'poststart' ]
5 info lifecycle react-webpack-babel@0.0.3~prestart: react-webpack-babel@0.0.3
6 silly lifecycle react-webpack-babel@0.0.3~prestart: no script for prestart, continuing
7 info lifecycle react-webpack-babel@0.0.3~start: react-webpack-babel@0.0.3
8 verbose lifecycle react-webpack-babel@0.0.3~start: unsafe-perm in lifecycle true
9 verbose lifecycle react-webpack-babel@0.0.3~start: PATH: C:\Users\Kiril\AppData\Roaming\npm\node_modules\npm\bin\node-gyp-bin;C:\Users\Kiril\Desktop\github_projects\reskir.github.io\node_modules\.bin;C:\tools\ruby23\bin;C:\Program Files (x86)\iis express\PHP\v5.5;C:\Program Files (x86)\PC Connectivity Solution\;C:\Program Files\Common Files\Microsoft Shared\Windows Live;C:\WINDOWS\system32;C:\WINDOWS;C:\WINDOWS\System32\Wbem;C:\WINDOWS\System32\WindowsPowerShell\v1.0\;C:\Program Files (x86)\ATI Technologies\ATI.ACE\Core-Static;C:\Program Files\TortoiseSVN\bin;C:\Program Files\Sublime Text 2;C:\Program Files\Samsung\AllShare Framework DMS\1.3.23\;C:\Program Files\Samsung\AllShare Framework DMS\1.3.23\64bit\;C:\Program Files (x86)\AMD\ATI.ACE\Core-Static;C:\Program Files (x86)\Skype\Phone\;C:\Program Files\Common Files\Microsoft Shared\Windows Live;C:\Users\Kiril\AppData\Local\atom\bin;C:\Users\Kiril\AppData\Roaming\npm;C:\Users\Kiril\AppData\Local\.meteor\;C:\Users\Kiril\AppData\Local\Microsoft\WindowsApps;C:\Program Files\MySQL\MySQL Server 5.1\bin;C:\ProgramData\chocolatey\bin;C:\Program Files\Git\cmd;C:\Program Files\nodejs\;C:\Program Files (x86)\PuTTY\;C:\Program Files\Common Files\Autodesk Shared\;C:\Program Files (x86)\Autodesk\Backburner\;C:\Ruby23-x64\bin;C:\Program Files\Common Files\Microsoft Shared\Windows Live;C:\Users\Kiril\AppData\Local\atom\bin;C:\Users\Kiril\AppData\Local\.meteor\;C:\Users\Kiril\AppData\Local\Microsoft\WindowsApps;C:\Program Files (x86)\Microsoft VS Code\bin;C:\Users\Kiril\AppData\Roaming\npm
10 verbose lifecycle react-webpack-babel@0.0.3~start: CWD: C:\Users\Kiril\Desktop\github_projects\reskir.github.io
11 silly lifecycle react-webpack-babel@0.0.3~start: Args: [ '/d /s /c',
11 silly lifecycle   'webpack-dev-server --progress --profile --colors' ]
12 silly lifecycle react-webpack-babel@0.0.3~start: Returned: code: 1  signal: null
13 info lifecycle react-webpack-babel@0.0.3~start: Failed to exec start script
14 verbose stack Error: react-webpack-babel@0.0.3 start: `webpack-dev-server --progress --profile --colors`
14 verbose stack Exit status 1
14 verbose stack     at EventEmitter.<anonymous> (C:\Users\Kiril\AppData\Roaming\npm\node_modules\npm\lib\utils\lifecycle.js:279:16)
14 verbose stack     at emitTwo (events.js:106:13)
14 verbose stack     at EventEmitter.emit (events.js:191:7)
14 verbose stack     at ChildProcess.<anonymous> (C:\Users\Kiril\AppData\Roaming\npm\node_modules\npm\lib\utils\spawn.js:40:14)
14 verbose stack     at emitTwo (events.js:106:13)
14 verbose stack     at ChildProcess.emit (events.js:191:7)
14 verbose stack     at maybeClose (internal/child_process.js:877:16)
14 verbose stack     at Process.ChildProcess._handle.onexit (internal/child_process.js:226:5)
15 verbose pkgid react-webpack-babel@0.0.3
16 verbose cwd C:\Users\Kiril\Desktop\github_projects\reskir.github.io
17 error Windows_NT 10.0.14393
18 error argv "C:\\Program Files\\nodejs\\node.exe" "C:\\Users\\Kiril\\AppData\\Roaming\\npm\\node_modules\\npm\\bin\\npm-cli.js" "start"
19 error node v6.9.4
20 error npm  v4.1.1
21 error code ELIFECYCLE
22 error react-webpack-babel@0.0.3 start: `webpack-dev-server --progress --profile --colors`
22 error Exit status 1
23 error Failed at the react-webpack-babel@0.0.3 start script 'webpack-dev-server --progress --profile --colors'.
23 error Make sure you have the latest version of node.js and npm installed.
23 error If you do, this is most likely a problem with the react-webpack-babel package,
23 error not with npm itself.
23 error Tell the author that this fails on your system:
23 error     webpack-dev-server --progress --profile --colors
23 error You can get information on how to open an issue for this project with:
23 error     npm bugs react-webpack-babel
23 error Or if that isn't available, you can get their info via:
23 error     npm owner ls react-webpack-babel
23 error There is likely additional logging output above.
24 verbose exit [ 1, true ]
